<?xml version="1.0" encoding="UTF-8" ?>
<testsuite errors="0" failures="2" hostname="janek-lap" name="pl.edu.agh.ftj.datamining.dbapi.webservice.WSIntegrationTest" tests="2" time="13.417" timestamp="2011-05-29T09:56:06">
  <properties>
    <property name="java.runtime.name" value="Java(TM) SE Runtime Environment" />
    <property name="sun.boot.library.path" value="C:\Program Files\Java\jdk1.6.0_20\jre\bin" />
    <property name="java.vm.version" value="16.3-b01" />
    <property name="java.vm.vendor" value="Sun Microsystems Inc." />
    <property name="java.vendor.url" value="http://java.sun.com/" />
    <property name="path.separator" value=";" />
    <property name="java.vm.name" value="Java HotSpot(TM) Client VM" />
    <property name="file.encoding.pkg" value="sun.io" />
    <property name="user.country" value="PL" />
    <property name="sun.java.launcher" value="SUN_STANDARD" />
    <property name="sun.os.patch.level" value="" />
    <property name="java.vm.specification.name" value="Java Virtual Machine Specification" />
    <property name="user.dir" value="C:\Users\janek\Documents\NetBeansProjects\WekaDBApi\WekaDBApi" />
    <property name="java.runtime.version" value="1.6.0_20-b02" />
    <property name="java.awt.graphicsenv" value="sun.awt.Win32GraphicsEnvironment" />
    <property name="java.endorsed.dirs" value="C:\Program Files\Java\jdk1.6.0_20\jre\lib\endorsed" />
    <property name="os.arch" value="x86" />
    <property name="java.io.tmpdir" value="C:\Users\janek\AppData\Local\Temp\" />
    <property name="line.separator" value="
" />
    <property name="java.vm.specification.vendor" value="Sun Microsystems Inc." />
    <property name="user.variant" value="" />
    <property name="os.name" value="Windows 7" />
    <property name="sun.jnu.encoding" value="Cp1250" />
    <property name="java.library.path" value="C:\Program Files\Java\jdk1.6.0_20\jre\bin;.;C:\Windows\Sun\Java\bin;C:\Windows\system32;C:\Windows;C:\Program Files\PC Connectivity Solution\;C:\Program Files\MiKTeX 2.8\miktex\bin;C:\Windows\system32;C:\Windows;C:\Windows\system32\wbem;C:\Windows\system32\windowspowershell\v1.0\;c:\program files\winscp\;c:\program files\microsoft sql server\100\tools\binn\;c:\program files\microsoft sql server\100\dts\binn\;c:\program files\microsoft sql server\100\tools\binn\vsshell\common7\ide\;c:\program files\microsoft visual studio 9.0\common7\ide\privateassemblies\;c:\program files\ibm\gsk8\lib;C:\Program Files\MATLAB\R2009b\runtime\win32;C:\Program Files\MATLAB\R2009b\bin;C:\Program Files\MySQL\MySQL Server 5.5\bin;C:\Program Files\doxygen\bin;C:\Program Files\TortoiseGit\bin;C:\Program Files\Git\cmd;C:\Program Files\Apache Maven\bin;" />
    <property name="java.specification.name" value="Java Platform API Specification" />
    <property name="java.class.version" value="50.0" />
    <property name="sun.management.compiler" value="HotSpot Client Compiler" />
    <property name="os.version" value="6.1" />
    <property name="user.home" value="C:\Users\janek" />
    <property name="user.timezone" value="" />
    <property name="java.awt.printerjob" value="sun.awt.windows.WPrinterJob" />
    <property name="file.encoding" value="UTF-8" />
    <property name="java.specification.version" value="1.6" />
    <property name="user.name" value="janek" />
    <property name="java.class.path" value="C:\Program Files\NetBeans 6.9.1\java\ant\lib\ant.jar;C:\Program Files\NetBeans 6.9.1\java\ant\lib\ant-junit.jar;C:\Users\janek\.netbeans\6.9\modules\ext\axis2\activation-1.1.jar;C:\Users\janek\.netbeans\6.9\modules\ext\axis2\annogen-0.1.0.jar;C:\Users\janek\.netbeans\6.9\modules\ext\axis2\axiom-api-1.2.5.jar;C:\Users\janek\.netbeans\6.9\modules\ext\axis2\axiom-dom-1.2.5.jar;C:\Users\janek\.netbeans\6.9\modules\ext\axis2\axiom-impl-1.2.5.jar;C:\Users\janek\.netbeans\6.9\modules\ext\axis2\axis2-adb-1.3.jar;C:\Users\janek\.netbeans\6.9\modules\ext\axis2\axis2-adb-codegen-1.3.jar;C:\Users\janek\.netbeans\6.9\modules\ext\axis2\axis2-ant-plugin-1.3.jar;C:\Users\janek\.netbeans\6.9\modules\ext\axis2\axis2-clustering-1.3.jar;C:\Users\janek\.netbeans\6.9\modules\ext\axis2\axis2-codegen-1.3.jar;C:\Users\janek\.netbeans\6.9\modules\ext\axis2\axis2-fastinfoset-1.3.jar;C:\Users\janek\.netbeans\6.9\modules\ext\axis2\axis2-java2wsdl-1.3.jar;C:\Users\janek\.netbeans\6.9\modules\ext\axis2\axis2-jaxbri-1.3.jar;C:\Users\janek\.netbeans\6.9\modules\ext\axis2\axis2-jaxws-1.3.jar;C:\Users\janek\.netbeans\6.9\modules\ext\axis2\axis2-jaxws-api-1.3.jar;C:\Users\janek\.netbeans\6.9\modules\ext\axis2\axis2-jibx-1.3.jar;C:\Users\janek\.netbeans\6.9\modules\ext\axis2\axis2-json-1.3.jar;C:\Users\janek\.netbeans\6.9\modules\ext\axis2\axis2-jws-api-1.3.jar;C:\Users\janek\.netbeans\6.9\modules\ext\axis2\axis2-kernel-1.3.jar;C:\Users\janek\.netbeans\6.9\modules\ext\axis2\axis2-metadata-1.3.jar;C:\Users\janek\.netbeans\6.9\modules\ext\axis2\axis2-mtompolicy-1.3.jar;C:\Users\janek\.netbeans\6.9\modules\ext\axis2\axis2-saaj-1.3.jar;C:\Users\janek\.netbeans\6.9\modules\ext\axis2\axis2-saaj-api-1.3.jar;C:\Users\janek\.netbeans\6.9\modules\ext\axis2\axis2-spring-1.3.jar;C:\Users\janek\.netbeans\6.9\modules\ext\axis2\axis2-xmlbeans-1.3.jar;C:\Users\janek\.netbeans\6.9\modules\ext\axis2\commons-logging-1.1.jar;C:\Users\janek\.netbeans\6.9\modules\ext\axis2\neethi-2.0.2.jar;C:\Users\janek\.netbeans\6.9\modules\ext\axis2\stax-api-1.0.1.jar;C:\Users\janek\.netbeans\6.9\modules\ext\axis2\wsdl4j-1.6.2.jar;C:\Users\janek\.netbeans\6.9\modules\ext\axis2\wstx-asl-3.2.1.jar;C:\Users\janek\.netbeans\6.9\modules\ext\axis2\xbean-2.2.0.jar;C:\Users\janek\.netbeans\6.9\modules\ext\axis2\XmlSchema-1.3.2.jar;C:\Program Files\NetBeans 6.9.1\platform\modules\ext\junit-4.5.jar;C:\Users\janek\Documents\NetBeansProjects\WekaDBApi\WekaDBApi\WEB-INF\lib\sqlitejdbc-v056.jar;C:\Users\janek\Documents\NetBeansProjects\WekaDBApi\WekaDBApi\WEB-INF\lib\postgresql-9.0-801.jdbc4.jar;C:\Users\janek\Documents\NetBeansProjects\WekaDBApi\WekaDBApi\WEB-INF\lib\weka-src.jar;C:\Users\janek\Documents\NetBeansProjects\WekaDBApi\WekaDBApi\WEB-INF\lib\weka.jar;C:\Users\janek\Documents\NetBeansProjects\WekaDBApi\WekaDBApi\build\classes;C:\Users\janek\.netbeans\6.9\modules\ext\selenium\selenium-java-client-driver-2.0.jar;C:\Users\janek\Documents\NetBeansProjects\WekaDBApi\WekaDBApi\build\test\classes" />
    <property name="java.vm.specification.version" value="1.0" />
    <property name="sun.arch.data.model" value="32" />
    <property name="java.home" value="C:\Program Files\Java\jdk1.6.0_20\jre" />
    <property name="java.specification.vendor" value="Sun Microsystems Inc." />
    <property name="user.language" value="pl" />
    <property name="awt.toolkit" value="sun.awt.windows.WToolkit" />
    <property name="java.vm.info" value="mixed mode" />
    <property name="java.version" value="1.6.0_20" />
    <property name="java.ext.dirs" value="C:\Program Files\Java\jdk1.6.0_20\jre\lib\ext;C:\Windows\Sun\Java\lib\ext" />
    <property name="sun.boot.class.path" value="C:\Program Files\NetBeans 6.9.1\java\modules\ext\jaxws22\api\jaxws-api.jar;C:\Program Files\NetBeans 6.9.1\ide\modules\ext\jaxb\api\jaxb-api.jar;C:\Program Files\Java\jdk1.6.0_20\jre\lib\resources.jar;C:\Program Files\Java\jdk1.6.0_20\jre\lib\rt.jar;C:\Program Files\Java\jdk1.6.0_20\jre\lib\sunrsasign.jar;C:\Program Files\Java\jdk1.6.0_20\jre\lib\jsse.jar;C:\Program Files\Java\jdk1.6.0_20\jre\lib\jce.jar;C:\Program Files\Java\jdk1.6.0_20\jre\lib\charsets.jar;C:\Program Files\Java\jdk1.6.0_20\jre\classes" />
    <property name="java.vendor" value="Sun Microsystems Inc." />
    <property name="file.separator" value="\" />
    <property name="java.vendor.url.bug" value="http://java.sun.com/cgi-bin/bugreport.cgi" />
    <property name="sun.cpu.endian" value="little" />
    <property name="sun.io.unicode.encoding" value="UnicodeLittle" />
    <property name="sun.desktop" value="windows" />
    <property name="sun.cpu.isalist" value="pentium_pro+mmx pentium_pro pentium+mmx pentium i486 i386 i86" />
  </properties>
  <testcase classname="pl.edu.agh.ftj.datamining.dbapi.webservice.WSIntegrationTest" name="testDataSourceList" time="13.249">
    <failure type="junit.framework.AssertionFailedError">junit.framework.AssertionFailedError: 
	at pl.edu.agh.ftj.datamining.dbapi.webservice.WSIntegrationTest.testDataSourceList(WSIntegrationTest.java:47)
</failure>
  </testcase>
  <testcase classname="pl.edu.agh.ftj.datamining.dbapi.webservice.WSIntegrationTest" name="testDataSource" time="0.0060">
    <failure type="junit.framework.AssertionFailedError">junit.framework.AssertionFailedError: 
	at pl.edu.agh.ftj.datamining.dbapi.webservice.WSIntegrationTest.testDataSource(WSIntegrationTest.java:63)
</failure>
  </testcase>
  <system-out><![CDATA[nullnull]]></system-out>
  <system-err><![CDATA[org.apache.axis2.deployment.DeploymentException: org/apache/commons/httpclient/HttpException
	at org.apache.axis2.deployment.AxisConfigBuilder.processTransportSenders(AxisConfigBuilder.java:552)
	at org.apache.axis2.deployment.AxisConfigBuilder.populateConfig(AxisConfigBuilder.java:112)
	at org.apache.axis2.deployment.DeploymentEngine.populateAxisConfiguration(DeploymentEngine.java:615)
	at org.apache.axis2.deployment.FileSystemConfigurator.getAxisConfiguration(FileSystemConfigurator.java:115)
	at org.apache.axis2.context.ConfigurationContextFactory.createConfigurationContext(ConfigurationContextFactory.java:64)
	at org.apache.axis2.context.ConfigurationContextFactory.createConfigurationContextFromFileSystem(ConfigurationContextFactory.java:180)
	at org.apache.axis2.jaxws.ClientConfigurationFactory.getClientConfigurationContext(ClientConfigurationFactory.java:49)
	at org.apache.axis2.jaxws.description.impl.DescriptionFactoryImpl.createServiceDescription(DescriptionFactoryImpl.java:74)
	at org.apache.axis2.jaxws.description.DescriptionFactory.createServiceDescription(DescriptionFactory.java:69)
	at org.apache.axis2.jaxws.spi.ServiceDelegate.<init>(ServiceDelegate.java:87)
	at org.apache.axis2.jaxws.spi.Provider.createServiceDelegate(Provider.java:45)
	at javax.xml.ws.Service.<init>(Service.java:57)
	at pl.edu.agh.ftj.datamining.dbapi.webservice.DataAccessService.<init>(DataAccessService.java:42)
	at pl.edu.agh.ftj.datamining.dbapi.webservice.WSIntegrationTest.testDataSourceList(WSIntegrationTest.java:41)
	at sun.reflect.NativeMethodAccessorImpl.invoke0(Native Method)
	at sun.reflect.NativeMethodAccessorImpl.invoke(NativeMethodAccessorImpl.java:39)
	at sun.reflect.DelegatingMethodAccessorImpl.invoke(DelegatingMethodAccessorImpl.java:25)
	at java.lang.reflect.Method.invoke(Method.java:597)
	at org.junit.runners.model.FrameworkMethod$1.runReflectiveCall(FrameworkMethod.java:44)
	at org.junit.internal.runners.model.ReflectiveCallable.run(ReflectiveCallable.java:15)
	at org.junit.runners.model.FrameworkMethod.invokeExplosively(FrameworkMethod.java:41)
	at org.junit.internal.runners.statements.InvokeMethod.evaluate(InvokeMethod.java:20)
	at org.junit.internal.runners.statements.RunBefores.evaluate(RunBefores.java:28)
	at org.junit.internal.runners.statements.RunAfters.evaluate(RunAfters.java:31)
	at org.junit.runners.BlockJUnit4ClassRunner.runChild(BlockJUnit4ClassRunner.java:73)
	at org.junit.runners.BlockJUnit4ClassRunner.runChild(BlockJUnit4ClassRunner.java:46)
	at org.junit.runners.ParentRunner.runChildren(ParentRunner.java:180)
	at org.junit.runners.ParentRunner.access$000(ParentRunner.java:41)
	at org.junit.runners.ParentRunner$1.evaluate(ParentRunner.java:173)
	at org.junit.internal.runners.statements.RunBefores.evaluate(RunBefores.java:28)
	at org.junit.internal.runners.statements.RunAfters.evaluate(RunAfters.java:31)
	at org.junit.runners.ParentRunner.run(ParentRunner.java:220)
	at junit.framework.JUnit4TestAdapter.run(JUnit4TestAdapter.java:39)
	at org.apache.tools.ant.taskdefs.optional.junit.JUnitTestRunner.run(JUnitTestRunner.java:422)
	at org.apache.tools.ant.taskdefs.optional.junit.JUnitTestRunner.launch(JUnitTestRunner.java:931)
	at org.apache.tools.ant.taskdefs.optional.junit.JUnitTestRunner.main(JUnitTestRunner.java:785)
Caused by: java.lang.NoClassDefFoundError: org/apache/commons/httpclient/HttpException
	at java.lang.Class.getDeclaredConstructors0(Native Method)
	at java.lang.Class.privateGetDeclaredConstructors(Class.java:2389)
	at java.lang.Class.getConstructor0(Class.java:2699)
	at java.lang.Class.newInstance0(Class.java:326)
	at java.lang.Class.newInstance(Class.java:308)
	at org.apache.axis2.deployment.AxisConfigBuilder.processTransportSenders(AxisConfigBuilder.java:537)
	... 35 more
Caused by: java.lang.ClassNotFoundException: org.apache.commons.httpclient.HttpException
	at java.net.URLClassLoader$1.run(URLClassLoader.java:202)
	at java.security.AccessController.doPrivileged(Native Method)
	at java.net.URLClassLoader.findClass(URLClassLoader.java:190)
	at java.lang.ClassLoader.loadClass(ClassLoader.java:307)
	at sun.misc.Launcher$AppClassLoader.loadClass(Launcher.java:301)
	at java.lang.ClassLoader.loadClass(ClassLoader.java:248)
	... 41 more
]]></system-err>
</testsuite>
